\BOOKMARK [1][-]{section.1}{\376\377\004\022\004\062\004\065\004\064\004\065\004\075\004\070\004\065}{}% 1
\BOOKMARK [2][-]{subsection.1.1}{\376\377\004\036\004\061\004\073\004\060\004\101\004\102\004\114\000\040\004\077\004\100\004\070\004\074\004\065\004\075\004\065\004\075\004\070\004\117}{section.1}% 2
\BOOKMARK [2][-]{subsection.1.2}{\376\377\004\036\004\077\004\070\004\101\004\060\004\075\004\070\004\065\000\040\004\062\004\076\004\067\004\074\004\076\004\066\004\075\004\076\004\101\004\102\004\065\004\071}{section.1}% 3
\BOOKMARK [2][-]{subsection.1.3}{\376\377\004\043\004\100\004\076\004\062\004\065\004\075\004\114\000\040\004\077\004\076\004\064\004\063\004\076\004\102\004\076\004\062\004\072\004\070\000\040\004\077\004\076\004\073\004\114\004\067\004\076\004\062\004\060\004\102\004\065\004\073\004\117}{section.1}% 4
\BOOKMARK [1][-]{section.2}{\376\377\004\035\004\060\004\067\004\075\004\060\004\107\004\065\004\075\004\070\004\065}{}% 5
\BOOKMARK [1][-]{section.3}{\376\377\004\043\004\101\004\073\004\076\004\062\004\070\004\117\000\040\004\077\004\100\004\070\004\074\004\065\004\075\004\065\004\075\004\070\004\117}{}% 6
\BOOKMARK [1][-]{section.4}{\376\377\004\037\004\076\004\064\004\063\004\076\004\102\004\076\004\062\004\072\004\060\000\040\004\101\004\070\004\101\004\102\004\065\004\074\004\113\000\040\004\072\000\040\004\100\004\060\004\061\004\076\004\102\004\065\000\040\004\070\000\040\004\067\004\060\004\077\004\103\004\101\004\072}{}% 7
\BOOKMARK [1][-]{section.5}{\376\377\004\036\004\101\004\075\004\076\004\062\004\075\004\113\004\065\000\040\004\077\004\100\004\070\004\106\004\070\004\077\004\113\000\040\004\100\004\060\004\061\004\076\004\102\004\113}{}% 8
\BOOKMARK [2][-]{subsection.5.1}{\376\377\004\055\004\102\004\060\004\077\004\113\000\040\004\100\004\060\004\061\004\076\004\102\004\113\000\040\004\101\000\040\004\077\004\100\004\076\004\063\004\100\004\060\004\074\004\074\004\076\004\071}{section.5}% 9
\BOOKMARK [2][-]{subsection.5.2}{\376\377\004\042\004\100\004\065\004\061\004\076\004\062\004\060\004\075\004\070\004\117\000\040\004\072\000\040\004\104\004\060\004\071\004\073\004\103\000\040\004\070\004\101\004\105\004\076\004\064\004\075\004\113\004\105\000\040\004\064\004\060\004\075\004\075\004\113\004\105}{section.5}% 10
\BOOKMARK [2][-]{subsection.5.3}{\376\377\004\036\004\061\004\103\004\107\004\060\004\116\004\111\004\070\004\071\000\040\004\104\004\060\004\071\004\073}{section.5}% 11
\BOOKMARK [2][-]{subsection.5.4}{\376\377\004\035\004\076\004\100\004\074\004\060\004\073\004\070\004\067\004\060\004\106\004\070\004\117}{section.5}% 12
\BOOKMARK [2][-]{subsection.5.5}{\376\377\004\037\004\100\004\076\004\101\004\074\004\076\004\102\004\100\000\040\004\100\004\065\004\067\004\103\004\073\004\114\004\102\004\060\004\102\004\076\004\062\000\040\004\072\004\073\004\060\004\101\004\102\004\065\004\100\004\070\004\067\004\060\004\106\004\070\004\070}{section.5}% 13
\BOOKMARK [2][-]{subsection.5.6}{\376\377\004\036\004\061\004\111\004\070\004\065\000\040\004\101\004\062\004\065\004\064\004\065\004\075\004\070\004\117\000\040\004\076\000\040\004\077\004\076\004\073\004\114\004\067\004\076\004\062\004\060\004\102\004\065\004\073\004\114\004\101\004\072\004\076\004\074\000\040\004\070\004\075\004\102\004\065\004\100\004\104\004\065\004\071\004\101\004\065}{section.5}% 14
\BOOKMARK [3][-]{subsubsection.5.6.1}{\376\377\004\023\004\073\004\060\004\062\004\075\004\076\004\065\000\040\004\076\004\072\004\075\004\076}{subsection.5.6}% 15
\BOOKMARK [3][-]{subsubsection.5.6.2}{\376\377\004\032\004\076\004\075\004\102\004\065\004\072\004\101\004\102\004\075\004\076\004\065\000\040\004\074\004\065\004\075\004\116}{subsection.5.6}% 16
\BOOKMARK [3][-]{subsubsection.5.6.3}{\376\377\004\024\004\070\004\060\004\073\004\076\004\063\000\040\004\075\004\076\004\100\004\074\004\060\004\073\004\070\004\067\004\060\004\106\004\070\004\070}{subsection.5.6}% 17
\BOOKMARK [3][-]{subsubsection.5.6.4}{\376\377\004\036\004\072\004\075\004\076\000\040\004\063\004\100\004\060\004\104\004\070\004\107\004\065\004\101\004\072\004\076\004\071\000\040\004\070\004\075\004\104\004\076\004\100\004\074\004\060\004\106\004\070\004\070}{subsection.5.6}% 18
\BOOKMARK [3][-]{subsubsection.5.6.5}{\376\377\004\036\004\072\004\075\004\076\000\040\004\063\004\065\004\075\004\065\004\100\004\060\004\106\004\070\004\070\000\040\004\064\004\060\004\075\004\075\004\113\004\105}{subsection.5.6}% 19
\BOOKMARK [3][-]{subsubsection.5.6.6}{\376\377\004\036\004\072\004\075\004\076\000\040\004\067\004\060\004\077\004\103\004\101\004\072\004\060\000\040\004\072\004\073\004\060\004\101\004\102\004\065\004\100\004\070\004\067\004\060\004\106\004\070\004\070}{subsection.5.6}% 20
\BOOKMARK [3][-]{subsubsection.5.6.7}{\376\377\004\036\004\072\004\075\004\076\000\040\004\102\004\060\004\061\004\073\004\070\004\106\004\113\000\040\004\100\004\065\004\067\004\103\004\073\004\114\004\102\004\060\004\102\004\076\004\062}{subsection.5.6}% 21
\BOOKMARK [1][-]{section.6}{\376\377\004\036\004\077\004\070\004\101\004\060\004\075\004\070\004\065\000\040\004\076\004\077\004\065\004\100\004\060\004\106\004\070\004\071}{}% 22
\BOOKMARK [2][-]{subsection.6.1}{\376\377\004\027\004\060\004\077\004\103\004\101\004\072\000\040\004\077\004\100\004\076\004\063\004\100\004\060\004\074\004\074\004\113}{section.6}% 23
\BOOKMARK [2][-]{subsection.6.2}{\376\377\004\027\004\060\004\063\004\100\004\103\004\067\004\072\004\060\000\040\004\070\004\101\004\105\004\076\004\064\004\075\004\113\004\105\000\040\004\064\004\060\004\075\004\075\004\113\004\105}{section.6}% 24
\BOOKMARK [2][-]{subsection.6.3}{\376\377\004\035\004\076\004\100\004\074\004\060\004\073\004\070\004\067\004\060\004\106\004\070\004\117}{section.6}% 25
\BOOKMARK [3][-]{subsubsection.6.3.1}{\376\377\004\043\004\101\004\102\004\060\004\075\004\076\004\062\004\072\004\060\000\040\004\077\004\060\004\100\004\060\004\074\004\065\004\102\004\100\004\076\004\062\000\040\004\075\004\076\004\100\004\074\004\060\004\073\004\070\004\067\004\060\004\106\004\070\004\070}{subsection.6.3}% 26
\BOOKMARK [3][-]{subsubsection.6.3.2}{\376\377\004\035\004\076\004\100\004\074\004\060\004\073\004\070\004\067\004\060\004\106\004\070\004\117\000\040\004\076\004\064\004\075\004\076\004\063\004\076\000\040\004\077\004\100\004\070\004\067\004\075\004\060\004\072\004\060}{subsection.6.3}% 27
\BOOKMARK [3][-]{subsubsection.6.3.3}{\376\377\004\035\004\076\004\100\004\074\004\060\004\073\004\070\004\067\004\060\004\106\004\070\004\117\000\040\004\062\004\101\004\065\004\105\000\040\004\077\004\100\004\070\004\067\004\075\004\060\004\072\004\076\004\062\000\040\004\101\004\100\004\060\004\067\004\103}{subsection.6.3}% 28
\BOOKMARK [2][-]{subsection.6.4}{\376\377\004\036\004\102\004\061\004\076\004\100\000\040\004\077\004\100\004\070\004\067\004\075\004\060\004\072\004\076\004\062}{section.6}% 29
\BOOKMARK [3][-]{subsubsection.6.4.1}{\376\377\004\043\004\064\004\060\004\073\004\065\004\075\004\070\004\065\000\040\004\076\004\064\004\075\004\076\004\063\004\076\000\040\004\077\004\100\004\070\004\067\004\075\004\060\004\072\004\060}{subsection.6.4}% 30
\BOOKMARK [3][-]{subsubsection.6.4.2}{\376\377\004\043\004\064\004\060\004\073\004\065\004\075\004\070\004\065\000\040\004\062\004\101\004\065\004\105\000\040\004\077\004\100\004\070\004\067\004\075\004\060\004\072\004\076\004\062\000\040\004\101\004\100\004\060\004\067\004\103}{subsection.6.4}% 31
\BOOKMARK [3][-]{subsubsection.6.4.3}{\376\377\004\043\004\101\004\102\004\060\004\075\004\076\004\062\004\072\004\060\000\040\004\077\004\100\004\070\004\067\004\075\004\060\004\072\004\060\000\040\004\072\004\060\004\072\000\040\004\070\004\075\004\064\004\065\004\072\004\101}{subsection.6.4}% 32
\BOOKMARK [2][-]{subsection.6.5}{\376\377\004\035\004\060\004\101\004\102\004\100\004\076\004\071\004\072\004\060\000\040\004\101\004\077\004\076\004\101\004\076\004\061\004\060\000\040\004\076\004\102\004\076\004\061\004\100\004\060\004\066\004\065\004\075\004\070\004\117\000\040\004\062\004\072\004\073\004\060\004\064\004\076\004\072}{section.6}% 33
\BOOKMARK [2][-]{subsection.6.6}{\376\377\004\022\004\070\004\067\004\103\004\060\004\073\004\070\004\067\004\060\004\106\004\070\004\117}{section.6}% 34
\BOOKMARK [3][-]{subsubsection.6.6.1}{\376\377\004\037\004\076\004\101\004\102\004\100\004\076\004\065\004\075\004\070\004\065\000\040\004\063\004\070\004\101\004\102\004\076\004\063\004\100\004\060\004\074\004\074\004\113\000\040\004\077\004\076\000\040\004\077\004\100\004\070\004\067\004\075\004\060\004\072\004\103\000\040}{subsection.6.6}% 35
\BOOKMARK [3][-]{subsubsection.6.6.2}{\376\377\004\037\004\076\004\101\004\102\004\100\004\076\004\065\004\075\004\070\004\065\000\040\004\077\004\076\004\073\004\117\000\040\004\100\004\060\004\101\004\101\004\065\004\117\004\075\004\070\004\117\000\040\000\050\000s\000c\000a\000t\000t\000e\000r\000\040\000p\000l\000o\000t\000\051}{subsection.6.6}% 36
\BOOKMARK [3][-]{subsubsection.6.6.3}{\376\377\004\037\004\076\004\101\004\102\004\100\004\076\004\065\004\075\004\070\004\065\000\040\000S\000V\000D\000\040\004\064\004\070\004\060\004\063\004\100\004\060\004\074\004\074\004\113}{subsection.6.6}% 37
\BOOKMARK [2][-]{subsection.6.7}{\376\377\004\023\004\065\004\075\004\065\004\100\004\060\004\106\004\070\004\117\000\040\004\101\004\070\004\075\004\102\004\065\004\102\004\070\004\107\004\065\004\101\004\072\004\070\004\105\000\040\004\064\004\060\004\075\004\075\004\113\004\105}{section.6}% 38
\BOOKMARK [2][-]{subsection.6.8}{\376\377\004\027\004\060\004\077\004\103\004\101\004\072\000\040\004\072\004\073\004\060\004\101\004\102\004\065\004\100\004\070\004\067\004\060\004\106\004\070\004\070}{section.6}% 39
\BOOKMARK [2][-]{subsection.6.9}{\376\377\004\023\004\065\004\075\004\065\004\100\004\060\004\106\004\070\004\117\000\040\004\076\004\102\004\107\004\121\004\102\004\060}{section.6}% 40
\BOOKMARK [2][-]{subsection.6.10}{\376\377\004\022\004\113\004\105\004\076\004\064\000\040\004\070\004\067\000\040\004\077\004\100\004\076\004\063\004\100\004\060\004\074\004\074\004\113}{section.6}% 41
\BOOKMARK [1][-]{section.7}{\376\377\004\020\004\073\004\063\004\076\004\100\004\070\004\102\004\074\004\113\000\040\004\072\004\073\004\060\004\101\004\102\004\065\004\100\004\070\004\067\004\060\004\106\004\070\004\070\000\040\000\050\004\072\004\100\004\060\004\102\004\072\004\076\004\065\000\040\004\076\004\077\004\070\004\101\004\060\004\075\004\070\004\065\000\051}{}% 42
\BOOKMARK [2][-]{subsection.7.1}{\376\377\004\020\004\073\004\063\004\076\004\100\004\070\004\102\004\074\000\040\000\040\000A\000-\000W\000a\000r\000d\000\040}{section.7}% 43
\BOOKMARK [2][-]{subsection.7.2}{\376\377\004\020\004\073\004\063\004\076\004\100\004\070\004\102\004\074\000\040\000\040\000A\000-\000W\000a\000r\000d\000p\000\040}{section.7}% 44
\BOOKMARK [2][-]{subsection.7.3}{\376\377\004\020\004\073\004\063\004\076\004\100\004\070\004\102\004\074\000\040\000\040\000B\000i\000K\000M\000-\000R\000\040}{section.7}% 45
\BOOKMARK [2][-]{subsection.7.4}{\376\377\004\020\004\073\004\063\004\076\004\100\004\070\004\102\004\074\000\040\000\040\000d\000e\000P\000D\000D\000P\000\040}{section.7}% 46
\BOOKMARK [1][-]{section.8}{\376\377\004\037\004\100\004\070\004\074\004\065\004\100\004\113\000\040\004\100\004\060\004\061\004\076\004\102\004\113\000\040\004\101\000\040\004\077\004\100\004\076\004\063\004\100\004\060\004\074\004\074\004\076\004\071}{}% 47
\BOOKMARK [2][-]{subsection.8.1}{\376\377\004\035\004\076\004\100\004\074\004\060\004\073\004\070\004\067\004\060\004\106\004\070\004\117}{section.8}% 48
\BOOKMARK [3][-]{subsubsection.8.1.1}{\376\377\004\035\004\076\004\100\004\074\004\060\004\073\004\070\004\067\004\060\004\106\004\070\004\117\000\040\004\101\000\040\004\106\004\065\004\075\004\102\004\100\004\070\004\100\004\076\004\062\004\060\004\075\004\070\004\065\004\074\000\040\004\077\004\076\000\040\004\101\004\100\004\065\004\064\004\075\004\065\004\074\004\103\000\040\004\070\000\040\004\074\004\060\004\101\004\110\004\102\004\060\004\061\004\070\004\100\004\076\004\062\004\060\004\075\004\070\004\065\004\074\000\040\004\077\004\076\000\040\004\077\004\076\004\073\004\103\004\100\004\060\004\067\004\074\004\060\004\105\004\103}{subsection.8.1}% 49
\BOOKMARK [3][-]{subsubsection.8.1.2}{\376\377\004\035\004\076\004\100\004\074\004\060\004\073\004\070\004\067\004\060\004\106\004\070\004\117\000\040\004\101\000\040\004\106\004\065\004\075\004\102\004\100\004\070\004\100\004\076\004\062\004\060\004\075\004\070\004\065\004\074\000\040\004\077\004\076\000\040\004\034\004\070\004\075\004\072\004\076\004\062\004\101\004\072\004\076\004\074\004\103\000\040\004\070\000\040\004\074\004\060\004\101\004\110\004\102\004\060\004\061\004\070\004\100\004\076\004\062\004\060\004\075\004\070\004\065\004\074\000\040\004\077\004\076\000\040\004\101\004\102\004\060\004\075\004\064\004\060\004\100\004\102\004\075\004\076\004\074\004\103\000\040\004\076\004\102\004\072\004\073\004\076\004\075\004\065\004\075\004\070\004\116}{subsection.8.1}% 50
\BOOKMARK [2][-]{subsection.8.2}{\376\377\004\032\004\073\004\060\004\101\004\102\004\065\004\100\004\070\004\067\004\060\004\106\004\070\004\117}{section.8}% 51
\BOOKMARK [3][-]{subsubsection.8.2.1}{\376\377\004\032\004\073\004\060\004\101\004\102\004\065\004\100\004\070\004\067\004\060\004\106\004\070\004\117\000\040\004\101\000\040\004\060\004\062\004\102\004\076\004\074\004\060\004\102\004\070\004\107\004\065\004\101\004\072\004\070\004\074\000\040\004\062\004\113\004\061\004\076\004\100\004\076\004\074\000\040\004\107\004\070\004\101\004\073\004\060\000\040\004\072\004\073\004\060\004\101\004\102\004\065\004\100\004\076\004\062}{subsection.8.2}% 52
\BOOKMARK [3][-]{subsubsection.8.2.2}{\376\377\004\032\004\073\004\060\004\101\004\102\004\065\004\100\004\070\004\067\004\060\004\106\004\070\004\117\000\040\004\101\000\040\004\117\004\062\004\075\004\076\000\040\004\067\004\060\004\064\004\060\004\075\004\075\004\113\004\074\000\040\004\107\004\070\004\101\004\073\004\076\004\074\000\040\004\072\004\073\004\060\004\101\004\102\004\065\004\100\004\076\004\062}{subsection.8.2}% 53
\BOOKMARK [1][-]{subsubsection.8.2.2}{\376\377\004\020\004\061\004\061\004\100\004\065\004\062\004\070\004\060\004\102\004\103\004\100\004\113}{}% 54
\BOOKMARK [1][-]{table.24}{\376\377\004\041\004\073\004\076\004\062\004\060\004\100\004\114\000\040\004\102\004\065\004\100\004\074\004\070\004\075\004\076\004\062}{}% 55
\BOOKMARK [1][-]{section*.9}{\376\377\004\041\004\077\004\070\004\101\004\076\004\072\000\040\004\073\004\070\004\102\004\065\004\100\004\060\004\102\004\103\004\100\004\113}{}% 56
